{"timestamp": "2025-05-25T07:10:49.501982", "level": "INFO", "message": "Request started: GET /", "module": "monitoring", "function": "dispatch", "line": 23, "request_id": "63acd197-1881-4263-ba4c-fb8c271d3c51"}
{"timestamp": "2025-05-25T07:10:49.503983", "level": "INFO", "message": "Request completed: GET / - Status: 404 - Time: 0.0020s", "module": "monitoring", "function": "dispatch", "line": 36, "request_id": "63acd197-1881-4263-ba4c-fb8c271d3c51"}
{"timestamp": "2025-05-25T07:10:50.983063", "level": "INFO", "message": "Request started: GET /favicon.ico", "module": "monitoring", "function": "dispatch", "line": 23, "request_id": "abfb3e48-8aae-481a-bc09-0cfdb9677174"}
{"timestamp": "2025-05-25T07:10:50.985078", "level": "INFO", "message": "Request completed: GET /favicon.ico - Status: 404 - Time: 0.0020s", "module": "monitoring", "function": "dispatch", "line": 36, "request_id": "abfb3e48-8aae-481a-bc09-0cfdb9677174"}
{"timestamp": "2025-05-25T07:10:53.484425", "level": "INFO", "message": "Request started: GET /docs", "module": "monitoring", "function": "dispatch", "line": 23, "request_id": "687d1788-0b91-4ca2-8d3a-d1d000bf220c"}
{"timestamp": "2025-05-25T07:10:53.484425", "level": "INFO", "message": "Request completed: GET /docs - Status: 404 - Time: 0.0000s", "module": "monitoring", "function": "dispatch", "line": 36, "request_id": "687d1788-0b91-4ca2-8d3a-d1d000bf220c"}
{"timestamp": "2025-05-25T07:10:58.722036", "level": "INFO", "message": "Request started: GET /docs", "module": "monitoring", "function": "dispatch", "line": 23, "request_id": "2e36122d-7c9c-478a-a18a-52ea03024e73"}
{"timestamp": "2025-05-25T07:10:58.723034", "level": "INFO", "message": "Request completed: GET /docs - Status: 404 - Time: 0.0010s", "module": "monitoring", "function": "dispatch", "line": 36, "request_id": "2e36122d-7c9c-478a-a18a-52ea03024e73"}
{"timestamp": "2025-05-25T08:33:26.510058", "level": "INFO", "message": "Request started: GET /docs", "module": "monitoring", "function": "dispatch", "line": 23, "request_id": "d5146bef-3403-46e6-bd3b-54fd56683e4b"}
{"timestamp": "2025-05-25T08:33:26.512043", "level": "INFO", "message": "Request completed: GET /docs - Status: 200 - Time: 0.0030s", "module": "monitoring", "function": "dispatch", "line": 36, "request_id": "d5146bef-3403-46e6-bd3b-54fd56683e4b"}
{"timestamp": "2025-05-25T08:33:26.841455", "level": "INFO", "message": "Request started: GET /openapi.json", "module": "monitoring", "function": "dispatch", "line": 23, "request_id": "e10b58bc-6580-4d4a-a95d-6b94954f25b6"}
{"timestamp": "2025-05-25T08:33:26.861982", "level": "INFO", "message": "Request completed: GET /openapi.json - Status: 200 - Time: 0.0205s", "module": "monitoring", "function": "dispatch", "line": 36, "request_id": "e10b58bc-6580-4d4a-a95d-6b94954f25b6"}
{"timestamp": "2025-05-25T08:37:42.212799", "level": "INFO", "message": "Request started: GET /AST0001", "module": "monitoring", "function": "dispatch", "line": 23, "request_id": "c65b4a32-2535-4a04-beb3-7fac35559972"}
{"timestamp": "2025-05-25T08:37:42.217802", "level": "INFO", "message": "Request completed: GET /AST0001 - Status: 401 - Time: 0.0050s", "module": "monitoring", "function": "dispatch", "line": 36, "request_id": "c65b4a32-2535-4a04-beb3-7fac35559972"}
{"timestamp": "2025-05-25T08:38:16.799252", "level": "INFO", "message": "Request started: GET /AST0001", "module": "monitoring", "function": "dispatch", "line": 23, "request_id": "da649bd5-cfc2-4e91-9ca1-4724ba3560d6"}
{"timestamp": "2025-05-25T08:38:16.825257", "level": "INFO", "message": "Request completed: GET /AST0001 - Status: 200 - Time: 0.0260s", "module": "monitoring", "function": "dispatch", "line": 36, "request_id": "da649bd5-cfc2-4e91-9ca1-4724ba3560d6"}
{"timestamp": "2025-05-25T08:38:25.498526", "level": "INFO", "message": "Request started: GET /facility/names", "module": "monitoring", "function": "dispatch", "line": 23, "request_id": "07ceced0-454a-48a4-9f02-185f78b48327"}
{"timestamp": "2025-05-25T08:38:25.509523", "level": "INFO", "message": "Request completed: GET /facility/names - Status: 200 - Time: 0.0110s", "module": "monitoring", "function": "dispatch", "line": 36, "request_id": "07ceced0-454a-48a4-9f02-185f78b48327"}
{"timestamp": "2025-05-25T08:38:36.899074", "level": "INFO", "message": "Request started: GET /get/all", "module": "monitoring", "function": "dispatch", "line": 23, "request_id": "633eef0f-210a-4011-9614-44bc11e02dbb"}
{"timestamp": "2025-05-25T08:38:36.906073", "level": "INFO", "message": "Request completed: GET /get/all - Status: 200 - Time: 0.0070s", "module": "monitoring", "function": "dispatch", "line": 36, "request_id": "633eef0f-210a-4011-9614-44bc11e02dbb"}
